<?xml version="1.0" encoding="UTF-8"?>
<!-- Generated by org.testng.reporters.JUnitReportReporter -->
<testsuite skipped="0" hostname="MD1JV22C" name="automationTestCases.AA_Logon_Water" tests="1" failures="0" timestamp="13 Dec 2017 08:59:02 GMT" time="19.129" errors="0">
  <testcase name="main" time="19.129" classname="automationTestCases.AA_Logon_Water"/>
</testsuite> <!-- automationTestCases.AA_Logon_Water -->
