<?xml version="1.0" encoding="UTF-8"?>
<!-- Generated by org.testng.reporters.JUnitReportReporter -->
<testsuite skipped="0" hostname="MD1N0QGC" name="automationTestCases.Asset_Management_Stock_Take_Chrome" tests="1" failures="0" timestamp="07 Dec 2017 18:44:24 GMT" time="21.404" errors="0">
  <testcase name="main" time="21.404" classname="automationTestCases.Asset_Management_Stock_Take_Chrome"/>
</testsuite> <!-- automationTestCases.Asset_Management_Stock_Take_Chrome -->
