<?xml version="1.0" encoding="UTF-8"?>
<!-- Generated by org.testng.reporters.JUnitReportReporter -->
<testsuite skipped="0" hostname="MD1N0QGC" name="automationTestCases.RMVE_1_End_To_End_Chrome" tests="1" failures="0" timestamp="07 Dec 2017 18:44:24 GMT" time="59.293" errors="0">
  <testcase name="main" time="59.293" classname="automationTestCases.RMVE_1_End_To_End_Chrome"/>
</testsuite> <!-- automationTestCases.RMVE_1_End_To_End_Chrome -->
