<?xml version="1.0" encoding="UTF-8"?>
<!-- Generated by org.testng.reporters.JUnitReportReporter -->
<testsuite skipped="0" hostname="MD1N0QGC" name="automationTestCases.Asset_Management_Add_Assets_Chrome" tests="1" failures="0" timestamp="07 Dec 2017 18:44:24 GMT" time="25.544" errors="0">
  <testcase name="main" time="25.544" classname="automationTestCases.Asset_Management_Add_Assets_Chrome"/>
</testsuite> <!-- automationTestCases.Asset_Management_Add_Assets_Chrome -->
