<?xml version="1.0" encoding="UTF-8"?>
<!-- Generated by org.testng.reporters.JUnitReportReporter -->
<testsuite skipped="0" hostname="MD1N0QGC" name="automationTestCases.INST_5_Elec_Initial_Polarity_Check_At_Meter_Page_Abort_Chrome" tests="1" failures="0" timestamp="28 Sep 2017 18:03:31 GMT" time="72.552" errors="0">
  <testcase name="main" time="72.552" classname="automationTestCases.INST_5_Elec_Initial_Polarity_Check_At_Meter_Page_Abort_Chrome"/>
</testsuite> <!-- automationTestCases.INST_5_Elec_Initial_Polarity_Check_At_Meter_Page_Abort_Chrome -->
