<?xml version="1.0" encoding="UTF-8"?>
<!-- Generated by org.testng.reporters.JUnitReportReporter -->
<testsuite skipped="0" hostname="MD1N0QGC" name="automationTestCases.Exchange_1_Gas_Meter_Initial_Risk_Assessment_Gas_Abort_Chrome" tests="1" failures="0" timestamp="28 Sep 2017 18:03:32 GMT" time="69.937" errors="0">
  <testcase name="main" time="69.937" classname="automationTestCases.Exchange_1_Gas_Meter_Initial_Risk_Assessment_Gas_Abort_Chrome"/>
</testsuite> <!-- automationTestCases.Exchange_1_Gas_Meter_Initial_Risk_Assessment_Gas_Abort_Chrome -->
