<?xml version="1.0" encoding="UTF-8"?>
<!-- Generated by org.testng.reporters.JUnitReportReporter -->
<testsuite skipped="0" hostname="MD1N0QGC" name="automationTestCases.Exchange_3_Elec_Initial_Risk_Assessment_Page_Abort_Chrome" tests="1" failures="0" timestamp="07 Dec 2017 18:44:25 GMT" time="74.738" errors="0">
  <testcase name="main" time="74.738" classname="automationTestCases.Exchange_3_Elec_Initial_Risk_Assessment_Page_Abort_Chrome"/>
</testsuite> <!-- automationTestCases.Exchange_3_Elec_Initial_Risk_Assessment_Page_Abort_Chrome -->
