<?xml version="1.0" encoding="UTF-8"?>
<!-- Generated by org.testng.reporters.JUnitReportReporter -->
<testsuite skipped="0" hostname="MD1N0QGC" name="automationTestCases.Exchange_3_End_To_End_Chrome" tests="1" failures="0" timestamp="13 Oct 2017 08:29:32 GMT" time="185.365" errors="0">
  <testcase name="main" time="185.365" classname="automationTestCases.Exchange_3_End_To_End_Chrome"/>
</testsuite> <!-- automationTestCases.Exchange_3_End_To_End_Chrome -->
