<?xml version="1.0" encoding="UTF-8"?>
<!-- Generated by org.testng.reporters.JUnitReportReporter -->
<testsuite skipped="0" hostname="MD1JV22C" name="automationTestCases.AA_Logon_Water" tests="1" failures="0" timestamp="18 Dec 2017 15:58:49 GMT" time="54.298" errors="0">
  <testcase name="main" time="54.298" classname="automationTestCases.AA_Logon_Water"/>
</testsuite> <!-- automationTestCases.AA_Logon_Water -->
