<?xml version="1.0" encoding="UTF-8"?>
<!-- Generated by org.testng.reporters.JUnitReportReporter -->
<testsuite skipped="0" hostname="MD1N0QGC" name="automationTestCases.FLTY_17_Gas_Risk_Assessment_Gas_Abort_Low_Pressure_Chrome" tests="1" failures="0" timestamp="07 Dec 2017 18:44:24 GMT" time="129.511" errors="0">
  <testcase name="main" time="129.511" classname="automationTestCases.FLTY_17_Gas_Risk_Assessment_Gas_Abort_Low_Pressure_Chrome"/>
</testsuite> <!-- automationTestCases.FLTY_17_Gas_Risk_Assessment_Gas_Abort_Low_Pressure_Chrome -->
