<?xml version="1.0" encoding="UTF-8"?>
<!-- Generated by org.testng.reporters.JUnitReportReporter -->
<testsuite skipped="0" hostname="MD1N0QGC" name="automationTestCases.FLTY_17_Elec_Suitable_For_Smart_Installation_Page_Abort_Chrome" tests="1" failures="0" timestamp="07 Dec 2017 18:44:24 GMT" time="80.230" errors="0">
  <testcase name="main" time="80.230" classname="automationTestCases.FLTY_17_Elec_Suitable_For_Smart_Installation_Page_Abort_Chrome"/>
</testsuite> <!-- automationTestCases.FLTY_17_Elec_Suitable_For_Smart_Installation_Page_Abort_Chrome -->
