<?xml version="1.0" encoding="UTF-8"?>
<!-- Generated by org.testng.reporters.JUnitReportReporter -->
<testsuite skipped="0" hostname="MD1N0QGC" name="automationTestCases.Exchange_2_Elec_Risk_Assessment_Page_Abort_Chrome" tests="1" failures="0" timestamp="28 Sep 2017 18:03:32 GMT" time="70.347" errors="0">
  <testcase name="main" time="70.347" classname="automationTestCases.Exchange_2_Elec_Risk_Assessment_Page_Abort_Chrome"/>
</testsuite> <!-- automationTestCases.Exchange_2_Elec_Risk_Assessment_Page_Abort_Chrome -->
