<?xml version="1.0" encoding="UTF-8"?>
<!-- Generated by org.testng.reporters.JUnitReportReporter -->
<testsuite skipped="0" hostname="MD1N0QGC" name="automationTestCases.Asset_Management_Add_Assets_Chrome" tests="1" failures="0" timestamp="28 Sep 2017 18:03:32 GMT" time="21.318" errors="0">
  <testcase name="main" time="21.318" classname="automationTestCases.Asset_Management_Add_Assets_Chrome"/>
</testsuite> <!-- automationTestCases.Asset_Management_Add_Assets_Chrome -->
