<?xml version="1.0" encoding="UTF-8"?>
<!-- Generated by org.testng.reporters.JUnitReportReporter -->
<testsuite skipped="0" hostname="MD1N0QGC" name="automationTestCases.AA_Logon_Water" tests="1" failures="0" timestamp="08 Dec 2017 10:04:54 GMT" time="17.444" errors="0">
  <testcase name="main" time="17.444" classname="automationTestCases.AA_Logon_Water"/>
</testsuite> <!-- automationTestCases.AA_Logon_Water -->
