<?xml version="1.0" encoding="UTF-8"?>
<!-- Generated by org.testng.reporters.JUnitReportReporter -->
<testsuite skipped="0" hostname="MD1JV22C" name="automationTestCases.Asset_Management_Add_Assets_Chrome" tests="1" failures="0" timestamp="13 Dec 2017 12:28:56 GMT" time="66.331" errors="0">
  <testcase name="main" time="66.331" classname="automationTestCases.Asset_Management_Add_Assets_Chrome"/>
</testsuite> <!-- automationTestCases.Asset_Management_Add_Assets_Chrome -->
