<?xml version="1.0" encoding="UTF-8"?>
<!-- Generated by org.testng.reporters.JUnitReportReporter -->
<testsuite skipped="0" hostname="MD1N0QGC" name="automationTestCases.INST_5_Elec_Risk_Assessment_Page_Abort_Chrome" tests="1" failures="0" timestamp="28 Sep 2017 18:03:32 GMT" time="71.221" errors="0">
  <testcase name="main" time="71.221" classname="automationTestCases.INST_5_Elec_Risk_Assessment_Page_Abort_Chrome"/>
</testsuite> <!-- automationTestCases.INST_5_Elec_Risk_Assessment_Page_Abort_Chrome -->
