<?xml version="1.0" encoding="UTF-8"?>
<!-- Generated by org.testng.reporters.JUnitReportReporter -->
<testsuite skipped="0" hostname="MD1N0QGC" name="automationTestCases.FLTY_17_Doorstep_Protocol_Page_Abort_Doorstep_Procedure_Fail_Chrome" tests="1" failures="0" timestamp="28 Sep 2017 18:03:32 GMT" time="7.770" errors="0">
  <testcase name="main" time="7.770" classname="automationTestCases.FLTY_17_Doorstep_Protocol_Page_Abort_Doorstep_Procedure_Fail_Chrome"/>
</testsuite> <!-- automationTestCases.FLTY_17_Doorstep_Protocol_Page_Abort_Doorstep_Procedure_Fail_Chrome -->
