<?xml version="1.0" encoding="UTF-8"?>
<!-- Generated by org.testng.reporters.JUnitReportReporter -->
<testsuite skipped="0" hostname="MD1N0QGC" name="automationTestCases.Exchange_5_Doorstep_Protocol_Page_Abort_Doorstep_Procedure_Fail_Chrome" tests="1" failures="0" timestamp="07 Dec 2017 18:44:25 GMT" time="46.317" errors="0">
  <testcase name="main" time="46.317" classname="automationTestCases.Exchange_5_Doorstep_Protocol_Page_Abort_Doorstep_Procedure_Fail_Chrome"/>
</testsuite> <!-- automationTestCases.Exchange_5_Doorstep_Protocol_Page_Abort_Doorstep_Procedure_Fail_Chrome -->
