<?xml version="1.0" encoding="UTF-8"?>
<!-- Generated by org.testng.reporters.JUnitReportReporter -->
<testsuite skipped="0" hostname="MD1N0QGC" name="automationTestCases.NMEX_5_End_To_End_Chrome" tests="1" failures="0" timestamp="07 Dec 2017 18:44:24 GMT" time="57.166" errors="0">
  <testcase name="main" time="57.166" classname="automationTestCases.NMEX_5_End_To_End_Chrome"/>
</testsuite> <!-- automationTestCases.NMEX_5_End_To_End_Chrome -->
