<?xml version="1.0" encoding="UTF-8"?>
<!-- Generated by org.testng.reporters.JUnitReportReporter -->
<testsuite skipped="0" hostname="MD1N0QGC" name="automationTestCases.Exchange_9_Gas_Meter_Pre_Installation_Gas_Tightness_Test_Failed_Test_Abort_Chrome" tests="1" failures="0" timestamp="07 Dec 2017 18:44:24 GMT" time="140.144" errors="0">
  <testcase name="main" time="140.144" classname="automationTestCases.Exchange_9_Gas_Meter_Pre_Installation_Gas_Tightness_Test_Failed_Test_Abort_Chrome"/>
</testsuite> <!-- automationTestCases.Exchange_9_Gas_Meter_Pre_Installation_Gas_Tightness_Test_Failed_Test_Abort_Chrome -->
