<?xml version="1.0" encoding="UTF-8"?>
<!-- Generated by org.testng.reporters.JUnitReportReporter -->
<testsuite skipped="0" hostname="MD1JV22C" name="automationTestCases.Asset_Management_Stock_Take_Chrome" tests="1" failures="0" timestamp="13 Dec 2017 12:29:51 GMT" time="43.910" errors="0">
  <testcase name="main" time="43.910" classname="automationTestCases.Asset_Management_Stock_Take_Chrome"/>
</testsuite> <!-- automationTestCases.Asset_Management_Stock_Take_Chrome -->
